<?xml version="1.0" encoding="UTF-8"?>
<!-- Generated by org.testng.reporters.JUnitReportReporter -->
<testsuite hostname="IN-5DJS8S3" failures="0" tests="1" name="amazonApplication.TestCase1SearchProduct" time="60.996" errors="0" timestamp="2024-06-15T15:41:35 IST" skipped="0">
  <testcase classname="amazonApplication.TestCase1SearchProduct" name="testCase1SearchProduct" time="60.996"/>
  <system-out/>
</testsuite> <!-- amazonApplication.TestCase1SearchProduct -->
