<?xml version="1.0" encoding="UTF-8"?>
<!-- Generated by org.testng.reporters.JUnitReportReporter -->
<testsuite hostname="IN-5DJS8S3" failures="0" tests="1" name="seleniumBasics.PerformDifferentBroweserActions" time="9.305" errors="0" timestamp="2024-06-12T20:52:33 IST" skipped="0">
  <testcase classname="seleniumBasics.PerformDifferentBroweserActions" name="launchDriver" time="9.305"/>
  <system-out/>
</testsuite> <!-- seleniumBasics.PerformDifferentBroweserActions -->
