<?xml version="1.0" encoding="UTF-8"?>
<!-- Generated by org.testng.reporters.JUnitReportReporter -->
<testsuite hostname="IN-5DJS8S3" failures="0" tests="1" name="amazonApplication.Login" time="11.607" errors="0" timestamp="2024-06-13T16:10:50 IST" skipped="0">
  <testcase classname="amazonApplication.Login" name="LoginToApplication" time="11.607"/>
  <system-out/>
</testsuite> <!-- amazonApplication.Login -->
