<?xml version="1.0" encoding="UTF-8"?>
<!-- Generated by org.testng.reporters.JUnitReportReporter -->
<testsuite hostname="IN-5DJS8S3" failures="0" tests="1" name="seleniumBasics.PerformDifferentBroweserActions" time="8.282" errors="0" timestamp="2024-06-12T21:22:38 IST" skipped="0">
  <testcase classname="seleniumBasics.PerformDifferentBroweserActions" name="actions" time="8.282"/>
  <system-out/>
</testsuite> <!-- seleniumBasics.PerformDifferentBroweserActions -->
