<?xml version="1.0" encoding="UTF-8"?>
<!-- Generated by org.testng.reporters.JUnitReportReporter -->
<testsuite hostname="IN-5DJS8S3" failures="0" tests="1" name="amazonApplication.LaunchDriver" time="18.349" errors="0" timestamp="2024-06-13T10:58:42 IST" skipped="0">
  <testcase classname="amazonApplication.LaunchDriver" name="actions" time="18.349"/>
  <system-out/>
</testsuite> <!-- amazonApplication.LaunchDriver -->
